GET 200 20 - 9ms 2024-06-25T10:33:47.058Z HTTP/1.1 /

GET 200 632 - 27ms 2024-06-25T10:33:57.599Z HTTP/1.1 /library/books

POST 200 42 - 45ms 2024-06-26T10:21:45.246Z HTTP/1.1 /user/register

POST 200 42 - 42ms 2024-06-26T10:51:16.232Z HTTP/1.1 /user/register

POST 200 42 - 73ms 2024-06-26T12:19:33.051Z HTTP/1.1 /user/register

POST 200 42 - 34ms 2024-06-26T12:20:55.252Z HTTP/1.1 /user/register

GET 200 1046 - 63ms 2024-06-27T10:08:56.229Z HTTP/1.1 /library/books?new=1

GET 200 1046 - 34ms 2024-06-27T10:09:16.925Z HTTP/1.1 /library/books?old=1

GET 200 1046 - 57ms 2024-06-27T10:09:53.497Z HTTP/1.1 /library/books?old=1

GET 200 1046 - 29ms 2024-06-27T10:10:22.560Z HTTP/1.1 /library/books?new=1

GET 200 1046 - 59ms 2024-06-27T10:11:12.581Z HTTP/1.1 /library/books?new=1

GET 200 1046 - 26ms 2024-06-27T10:11:27.985Z HTTP/1.1 /library/books?old=1

GET 200 1046 - 47ms 2024-06-27T10:11:46.363Z HTTP/1.1 /library/books?old=1

GET 200 1046 - 32ms 2024-06-27T10:12:38.251Z HTTP/1.1 /library/books

GET 200 1046 - 30ms 2024-06-27T10:12:44.258Z HTTP/1.1 /library/books?old=1

GET 200 1046 - 32ms 2024-06-27T10:13:59.947Z HTTP/1.1 /library/books?old=1

GET 200 1046 - 41ms 2024-06-27T10:14:48.695Z HTTP/1.1 /library/books?old=1

GET 200 1046 - 50ms 2024-06-27T10:20:22.496Z HTTP/1.1 /library/books?old=1

GET 200 1046 - 32ms 2024-06-27T10:20:28.920Z HTTP/1.1 /library/books?new=1

GET 200 1046 - 58ms 2024-06-27T10:22:47.256Z HTTP/1.1 /library/books?new=1

GET 200 1046 - 33ms 2024-06-27T10:22:56.398Z HTTP/1.1 /library/books?old=1

GET 200 1046 - 57ms 2024-06-27T11:08:58.847Z HTTP/1.1 /library/books?sort=price&value=1

GET 200 1046 - 41ms 2024-06-27T11:12:03.478Z HTTP/1.1 /library/books?old=1

GET 200 1046 - 35ms 2024-06-27T11:12:27.412Z HTTP/1.1 /library/books?new=1

GET 200 1046 - 49ms 2024-06-27T11:14:12.471Z HTTP/1.1 /library/books?new=1

GET 404 147 - 8ms 2024-06-27T11:15:23.561Z HTTP/1.1 /library/

GET 200 1046 - 35ms 2024-06-27T11:15:29.562Z HTTP/1.1 /library/books

GET 200 1046 - 33ms 2024-06-27T11:17:02.993Z HTTP/1.1 /library/books?old=1&new=0

GET 200 1046 - 45ms 2024-06-27T11:17:17.090Z HTTP/1.1 /library/books?old=1

GET 200 1046 - 31ms 2024-06-27T11:17:23.691Z HTTP/1.1 /library/books?new=1

GET 200 1046 - 51ms 2024-06-27T11:17:46.986Z HTTP/1.1 /library/books?new=1

POST 200 310 - 42ms 2024-06-27T11:20:16.859Z HTTP/1.1 /user/login

GET 200 1046 - 34ms 2024-06-27T11:20:28.408Z HTTP/1.1 /library/books?new=1

POST 200 310 - 63ms 2024-06-27T11:22:02.200Z HTTP/1.1 /user/login

GET 200 1046 - 65ms 2024-06-27T11:22:39.828Z HTTP/1.1 /library/books

GET 200 1046 - 83ms 2024-06-27T11:23:37.486Z HTTP/1.1 /library/books?old=1

GET 200 2 - 69ms 2024-06-27T11:24:39.252Z HTTP/1.1 /library/view?old=1

GET 200 2 - 35ms 2024-06-27T11:24:46.933Z HTTP/1.1 /library/view?new=1

GET 200 2 - 34ms 2024-06-27T11:24:57.912Z HTTP/1.1 /library/view?old=1

GET 200 2 - 67ms 2024-06-27T11:25:36.169Z HTTP/1.1 /library/view?old=1

GET 200 26 - 55ms 2024-06-27T11:26:11.368Z HTTP/1.1 /library/view?old=1

GET 200 1046 - 103ms 2024-06-27T11:26:33.972Z HTTP/1.1 /library/view?old=1

GET 200 32 - 52ms 2024-06-27T11:26:48.541Z HTTP/1.1 /library/view?new=1

GET 200 32 - 52ms 2024-06-27T11:27:47.775Z HTTP/1.1 /library/view?new=1

GET 200 1046 - 47ms 2024-06-27T11:27:52.331Z HTTP/1.1 /library/view?old=1

